Quick-Cocos2d-x C++ support ready.

------------------------------------------------

LOAD LUA FILE: D:/cocos/quick-3.3/quick/samples/towerdefense_x/src/main.lua

------------------------------------------------

[LUA-print] ===========================================================

[LUA-print]               LOAD QUICK FRAMEWORK

[LUA-print] ===========================================================

[LUA-print] [INFO] 

[LUA-print] [INFO] # DEBUG                        = 1

[LUA-print] [INFO] #

[LUA-print] [INFO] # device.platform              = windows

[LUA-print] [INFO] # device.model                 = unknown

[LUA-print] [INFO] # device.language              = cn

[LUA-print] [INFO] # device.writablePath          = D:\cocos\quick-3.3\quick\samples\towerdefense_x\

[LUA-print] [INFO] # device.directorySeparator    = \

[LUA-print] [INFO] # device.pathSeparator         = ;

[LUA-print] [INFO] #

[LUA-print] [INFO] # CONFIG_SCREEN_AUTOSCALE      = FIXED_HEIGHT

[LUA-print] [INFO] # CONFIG_SCREEN_WIDTH          = 960.00

[LUA-print] [INFO] # CONFIG_SCREEN_HEIGHT         = 640.00

[LUA-print] [INFO] # display.widthInPixels        = 960.00

[LUA-print] [INFO] # display.heightInPixels       = 640.00

[LUA-print] [INFO] # display.contentScaleFactor   = 1.00

[LUA-print] [INFO] # display.width                = 960.00

[LUA-print] [INFO] # display.height               = 640.00

[LUA-print] [INFO] # display.cx                   = 480.00

[LUA-print] [INFO] # display.cy                   = 320.00

[LUA-print] [INFO] # display.left                 = 0.00

[LUA-print] [INFO] # display.right                = 960.00

[LUA-print] [INFO] # display.top                  = 640.00

[LUA-print] [INFO] # display.bottom               = 0.00

[LUA-print] [INFO] # display.c_left               = -480.00

[LUA-print] [INFO] # display.c_right              = 480.00

[LUA-print] [INFO] # display.c_top                = 320.00

[LUA-print] [INFO] # display.c_bottom             = -320.00

[LUA-print] [INFO] #

[LUA-print] StaticObject ctor	table

[LUA-print] ObjectFactory static	static:12	table	table

[LUA-print] ObjectFactory static debug

[LUA-print] StaticObject ctor	table

[LUA-print] ObjectFactory static	static:13	table	table

[LUA-print] ObjectFactory static debug

[LUA-print] StaticObject ctor	table

[LUA-print] ObjectFactory static	static:21	table	table

[LUA-print] ObjectFactory static debug

[LUA-print] StaticObject ctor	table

[LUA-print] ObjectFactory static	static:15	table	table

[LUA-print] ObjectFactory static debug

[LUA-print] StaticObject ctor	table

[LUA-print] ObjectFactory static	static:18	table	table

[LUA-print] ObjectFactory static debug

[LUA-print] StaticObject ctor	table

[LUA-print] ObjectFactory static	static:6	table	table

[LUA-print] ObjectFactory static debug

[LUA-print] StaticObject ctor	table

[LUA-print] ObjectFactory static	static:7	table	table

[LUA-print] ObjectFactory static debug

[LUA-print] StaticObject ctor	table

[LUA-print] ObjectFactory static	static:11	table	table

[LUA-print] ObjectFactory static debug

[LUA-print] StaticObject ctor	table

[LUA-print] ObjectFactory static	static:16	table	table

[LUA-print] ObjectFactory static debug

[LUA-print] StaticObject ctor	table

[LUA-print] ObjectFactory static	static:9	table	table

[LUA-print] ObjectFactory static debug

[LUA-print] StaticObject ctor	table

[LUA-print] ObjectFactory static	static:33	table	table

[LUA-print] ObjectFactory static debug

[LUA-print] StaticObject ctor	table

[LUA-print] ObjectFactory static	static:17	table	table

[LUA-print] ObjectFactory static debug

[LUA-print] StaticObject ctor	table

[LUA-print] ObjectFactory static	static:2	table	table

[LUA-print] ObjectFactory static debug

[LUA-print] StaticObject ctor	table

[LUA-print] ObjectFactory static	static:8	table	table

[LUA-print] ObjectFactory static debug

[LUA-print] StaticObject ctor	table

[LUA-print] ObjectFactory static	static:19	table	table

[LUA-print] ObjectFactory static debug

[LUA-print] StaticObject ctor	table

[LUA-print] ObjectFactory static	static:5	table	table

[LUA-print] ObjectFactory static debug

[LUA-print] StaticObject ctor	table

[LUA-print] ObjectFactory static	static:25	table	table

[LUA-print] ObjectFactory static debug

[LUA-print] StaticObject ctor	table

[LUA-print] ObjectFactory static	static:26	table	table

[LUA-print] ObjectFactory static debug

[LUA-print] StaticObject ctor	table

[LUA-print] ObjectFactory static	static:10	table	table

[LUA-print] ObjectFactory static debug

[LUA-print] StaticObject ctor	table

[LUA-print] ObjectFactory static	static:3	table	table

[LUA-print] ObjectFactory static debug

[LUA-print] StaticObject ctor	table

[LUA-print] ObjectFactory static	static:20	table	table

[LUA-print] ObjectFactory static debug

[LUA-print] StaticObject ctor	table

[LUA-print] ObjectFactory static	static:31	table	table

[LUA-print] ObjectFactory static debug

[LUA-print] StaticObject ctor	table

[LUA-print] ObjectFactory static	static:1	table	table

[LUA-print] ObjectFactory static debug

[LUA-print] StaticObject ctor	table

[LUA-print] ObjectFactory static	static:4	table	table

[LUA-print] ObjectFactory static debug

[LUA-print] StaticObject createView	nil	nil

[LUA-print] StaticObject createView	nil	nil

[LUA-print] StaticObject createView	nil	nil

[LUA-print] StaticObject createView	nil	nil

[LUA-print] StaticObject createView	nil	nil

[LUA-print] StaticObject createView	nil	nil

[LUA-print] StaticObject createView	nil	nil

[LUA-print] StaticObject createView	nil	nil

[LUA-print] StaticObject createView	nil	nil

[LUA-print] StaticObject createView	nil	nil

[LUA-print] StaticObject createView	nil	nil

[LUA-print] StaticObject createView	nil	nil

[LUA-print] StaticObject createView	nil	nil

[LUA-print] StaticObject createView	nil	nil

[LUA-print] StaticObject createView	nil	nil

[LUA-print] StaticObject createView	nil	nil

[LUA-print] StaticObject createView	nil	nil

[LUA-print] StaticObject createView	nil	nil

[LUA-print] StaticObject createView	nil	nil

[LUA-print] StaticObject createView	nil	nil

[LUA-print] StaticObject createView	nil	nil

[LUA-print] StaticObject createView	nil	nil

[LUA-print] StaticObject createView	nil	nil

[LUA-print] StaticObject createView	nil	nil

[LUA-print] toolbar menu

[LUA-print] toolbar scale button

[LUA-print] toolbar parent	userdata

Currently only supported on iOS and Android!

